2026-02-22 12:41:53 [INFO] Backfill load_id=0f54f52c-e8f4-446e-8f73-bcde0efb1991 chunks=65 stations=79
2026-02-22 12:41:53 [INFO] --- [Jan 2010] Processing Chunk 20100101 ---
2026-02-22 12:41:53 [INFO] Skip chunk=20100101 batch=0000 (checkpoint exists)
2026-02-22 12:41:53 [INFO] Skip chunk=20100101 batch=0020 (checkpoint exists)
2026-02-22 12:41:53 [INFO] Skip chunk=20100101 batch=0040 (checkpoint exists)
2026-02-22 12:41:53 [INFO] Skip chunk=20100101 batch=0060 (checkpoint exists)
2026-02-22 12:41:53 [INFO] --- [Apr 2010] Processing Chunk 20100401 ---
2026-02-22 12:41:53 [INFO] Skip chunk=20100401 batch=0000 (checkpoint exists)
2026-02-22 12:41:53 [INFO] Skip chunk=20100401 batch=0020 (checkpoint exists)
2026-02-22 12:41:53 [INFO] Skip chunk=20100401 batch=0040 (checkpoint exists)
2026-02-22 12:41:53 [INFO] Skip chunk=20100401 batch=0060 (checkpoint exists)
2026-02-22 12:41:53 [INFO] --- [Jul 2010] Processing Chunk 20100701 ---
2026-02-22 12:41:53 [INFO] Skip chunk=20100701 batch=0000 (checkpoint exists)
2026-02-22 12:41:53 [INFO] Skip chunk=20100701 batch=0020 (checkpoint exists)
2026-02-22 12:41:53 [INFO] Skip chunk=20100701 batch=0040 (checkpoint exists)
2026-02-22 12:41:53 [INFO] Skip chunk=20100701 batch=0060 (checkpoint exists)
2026-02-22 12:41:53 [INFO] --- [Oct 2010] Processing Chunk 20101001 ---
2026-02-22 12:41:53 [INFO] Skip chunk=20101001 batch=0000 (checkpoint exists)
2026-02-22 12:41:53 [INFO] Skip chunk=20101001 batch=0020 (checkpoint exists)
2026-02-22 12:41:53 [INFO] Skip chunk=20101001 batch=0040 (checkpoint exists)
2026-02-22 12:41:53 [INFO] Skip chunk=20101001 batch=0060 (checkpoint exists)
2026-02-22 12:41:53 [INFO] --- [Jan 2011] Processing Chunk 20110101 ---
2026-02-22 12:41:53 [INFO] Skip chunk=20110101 batch=0000 (checkpoint exists)
2026-02-22 12:41:53 [INFO] Skip chunk=20110101 batch=0020 (checkpoint exists)
2026-02-22 12:41:53 [INFO] Skip chunk=20110101 batch=0040 (checkpoint exists)
2026-02-22 12:41:53 [INFO] Skip chunk=20110101 batch=0060 (checkpoint exists)
2026-02-22 12:41:53 [INFO] --- [Apr 2011] Processing Chunk 20110401 ---
2026-02-22 12:41:53 [INFO] Skip chunk=20110401 batch=0000 (checkpoint exists)
2026-02-22 12:41:53 [INFO] Skip chunk=20110401 batch=0020 (checkpoint exists)
2026-02-22 12:41:53 [INFO] Skip chunk=20110401 batch=0040 (checkpoint exists)
2026-02-22 12:41:53 [INFO] Skip chunk=20110401 batch=0060 (checkpoint exists)
2026-02-22 12:41:53 [INFO] --- [Jul 2011] Processing Chunk 20110701 ---
2026-02-22 12:41:53 [INFO] Skip chunk=20110701 batch=0000 (checkpoint exists)
2026-02-22 12:41:53 [INFO] Skip chunk=20110701 batch=0020 (checkpoint exists)
2026-02-22 12:41:53 [INFO] Skip chunk=20110701 batch=0040 (checkpoint exists)
2026-02-22 12:41:53 [INFO] Skip chunk=20110701 batch=0060 (checkpoint exists)
2026-02-22 12:41:53 [INFO] --- [Oct 2011] Processing Chunk 20111001 ---
2026-02-22 12:41:53 [INFO] Skip chunk=20111001 batch=0000 (checkpoint exists)
2026-02-22 12:41:53 [INFO] Skip chunk=20111001 batch=0020 (checkpoint exists)
2026-02-22 12:41:53 [INFO] Skip chunk=20111001 batch=0040 (checkpoint exists)
2026-02-22 12:41:53 [INFO] Skip chunk=20111001 batch=0060 (checkpoint exists)
2026-02-22 12:41:53 [INFO] --- [Jan 2012] Processing Chunk 20120101 ---
2026-02-22 12:41:53 [INFO] Skip chunk=20120101 batch=0000 (checkpoint exists)
2026-02-22 12:41:53 [INFO] Skip chunk=20120101 batch=0020 (checkpoint exists)
2026-02-22 12:41:53 [INFO] Skip chunk=20120101 batch=0040 (checkpoint exists)
2026-02-22 12:41:53 [INFO] Skip chunk=20120101 batch=0060 (checkpoint exists)
2026-02-22 12:41:53 [INFO] --- [Apr 2012] Processing Chunk 20120401 ---
2026-02-22 12:41:53 [INFO] Skip chunk=20120401 batch=0000 (checkpoint exists)
2026-02-22 12:41:53 [INFO] Skip chunk=20120401 batch=0020 (checkpoint exists)
2026-02-22 12:41:53 [INFO] Skip chunk=20120401 batch=0040 (checkpoint exists)
2026-02-22 12:41:53 [INFO] Skip chunk=20120401 batch=0060 (checkpoint exists)
2026-02-22 12:41:53 [INFO] --- [Jul 2012] Processing Chunk 20120701 ---
2026-02-22 12:41:53 [INFO] Skip chunk=20120701 batch=0000 (checkpoint exists)
2026-02-22 12:41:53 [INFO] Skip chunk=20120701 batch=0020 (checkpoint exists)
2026-02-22 12:41:53 [INFO] Skip chunk=20120701 batch=0040 (checkpoint exists)
2026-02-22 12:41:53 [INFO] Skip chunk=20120701 batch=0060 (checkpoint exists)
2026-02-22 12:41:53 [INFO] --- [Oct 2012] Processing Chunk 20121001 ---
2026-02-22 12:41:53 [INFO] Skip chunk=20121001 batch=0000 (checkpoint exists)
2026-02-22 12:41:53 [INFO] Skip chunk=20121001 batch=0020 (checkpoint exists)
2026-02-22 12:41:53 [INFO] Skip chunk=20121001 batch=0040 (checkpoint exists)
2026-02-22 12:41:53 [INFO] Skip chunk=20121001 batch=0060 (checkpoint exists)
2026-02-22 12:41:53 [INFO] --- [Jan 2013] Processing Chunk 20130101 ---
2026-02-22 12:41:53 [INFO] Skip chunk=20130101 batch=0000 (checkpoint exists)
2026-02-22 12:41:53 [INFO] Skip chunk=20130101 batch=0020 (checkpoint exists)
2026-02-22 12:41:53 [INFO] Skip chunk=20130101 batch=0040 (checkpoint exists)
2026-02-22 12:41:53 [INFO] Skip chunk=20130101 batch=0060 (checkpoint exists)
2026-02-22 12:41:53 [INFO] --- [Apr 2013] Processing Chunk 20130401 ---
2026-02-22 12:41:53 [INFO] Skip chunk=20130401 batch=0000 (checkpoint exists)
2026-02-22 12:41:53 [INFO] Skip chunk=20130401 batch=0020 (checkpoint exists)
2026-02-22 12:41:53 [INFO] Skip chunk=20130401 batch=0040 (checkpoint exists)
2026-02-22 12:41:53 [INFO] Skip chunk=20130401 batch=0060 (checkpoint exists)
2026-02-22 12:41:53 [INFO] --- [Jul 2013] Processing Chunk 20130701 ---
2026-02-22 12:41:53 [INFO] Skip chunk=20130701 batch=0000 (checkpoint exists)
2026-02-22 12:41:53 [INFO] Skip chunk=20130701 batch=0020 (checkpoint exists)
2026-02-22 12:41:53 [INFO] Skip chunk=20130701 batch=0040 (checkpoint exists)
2026-02-22 12:41:53 [INFO] Skip chunk=20130701 batch=0060 (checkpoint exists)
2026-02-22 12:41:53 [INFO] --- [Oct 2013] Processing Chunk 20131001 ---
2026-02-22 12:41:53 [INFO] Skip chunk=20131001 batch=0000 (checkpoint exists)
2026-02-22 12:41:53 [INFO] Skip chunk=20131001 batch=0020 (checkpoint exists)
2026-02-22 12:41:53 [INFO] Skip chunk=20131001 batch=0040 (checkpoint exists)
2026-02-22 12:41:53 [INFO] Skip chunk=20131001 batch=0060 (checkpoint exists)
2026-02-22 12:41:53 [INFO] --- [Jan 2014] Processing Chunk 20140101 ---
2026-02-22 12:41:53 [INFO] Skip chunk=20140101 batch=0000 (checkpoint exists)
2026-02-22 12:41:53 [INFO] Skip chunk=20140101 batch=0020 (checkpoint exists)
2026-02-22 12:41:53 [INFO] Skip chunk=20140101 batch=0040 (checkpoint exists)
2026-02-22 12:41:53 [INFO] Skip chunk=20140101 batch=0060 (checkpoint exists)
2026-02-22 12:41:53 [INFO] --- [Apr 2014] Processing Chunk 20140401 ---
2026-02-22 12:41:53 [INFO] Skip chunk=20140401 batch=0000 (checkpoint exists)
2026-02-22 12:41:53 [INFO] Skip chunk=20140401 batch=0020 (checkpoint exists)
2026-02-22 12:41:53 [INFO] Skip chunk=20140401 batch=0040 (checkpoint exists)
2026-02-22 12:41:53 [INFO] Skip chunk=20140401 batch=0060 (checkpoint exists)
2026-02-22 12:41:53 [INFO] --- [Jul 2014] Processing Chunk 20140701 ---
2026-02-22 12:41:53 [INFO] Skip chunk=20140701 batch=0000 (checkpoint exists)
2026-02-22 12:41:53 [INFO] Skip chunk=20140701 batch=0020 (checkpoint exists)
2026-02-22 12:41:53 [INFO] Skip chunk=20140701 batch=0040 (checkpoint exists)
2026-02-22 12:41:53 [INFO] Skip chunk=20140701 batch=0060 (checkpoint exists)
2026-02-22 12:41:53 [INFO] --- [Oct 2014] Processing Chunk 20141001 ---
2026-02-22 12:41:53 [INFO] Skip chunk=20141001 batch=0000 (checkpoint exists)
2026-02-22 12:41:53 [INFO] Skip chunk=20141001 batch=0020 (checkpoint exists)
2026-02-22 12:41:53 [INFO] Skip chunk=20141001 batch=0040 (checkpoint exists)
2026-02-22 12:41:53 [INFO] Skip chunk=20141001 batch=0060 (checkpoint exists)
2026-02-22 12:41:53 [INFO] --- [Jan 2015] Processing Chunk 20150101 ---
2026-02-22 12:41:53 [INFO] Skip chunk=20150101 batch=0000 (checkpoint exists)
2026-02-22 12:41:53 [INFO] Skip chunk=20150101 batch=0020 (checkpoint exists)
2026-02-22 12:41:53 [INFO] Skip chunk=20150101 batch=0040 (checkpoint exists)
2026-02-22 12:41:53 [INFO] Skip chunk=20150101 batch=0060 (checkpoint exists)
2026-02-22 12:41:53 [INFO] --- [Apr 2015] Processing Chunk 20150401 ---
2026-02-22 12:41:53 [INFO] Skip chunk=20150401 batch=0000 (checkpoint exists)
2026-02-22 12:41:53 [INFO] Skip chunk=20150401 batch=0020 (checkpoint exists)
2026-02-22 12:41:53 [INFO] Skip chunk=20150401 batch=0040 (checkpoint exists)
2026-02-22 12:41:53 [INFO] Skip chunk=20150401 batch=0060 (checkpoint exists)
2026-02-22 12:41:53 [INFO] --- [Jul 2015] Processing Chunk 20150701 ---
2026-02-22 12:41:53 [INFO] Skip chunk=20150701 batch=0000 (checkpoint exists)
2026-02-22 12:41:53 [INFO] Skip chunk=20150701 batch=0020 (checkpoint exists)
2026-02-22 12:41:53 [INFO] Skip chunk=20150701 batch=0040 (checkpoint exists)
2026-02-22 12:41:53 [INFO] Skip chunk=20150701 batch=0060 (checkpoint exists)
2026-02-22 12:41:53 [INFO] --- [Oct 2015] Processing Chunk 20151001 ---
2026-02-22 12:41:53 [INFO] Skip chunk=20151001 batch=0000 (checkpoint exists)
2026-02-22 12:41:53 [INFO] Skip chunk=20151001 batch=0020 (checkpoint exists)
2026-02-22 12:41:53 [INFO] Skip chunk=20151001 batch=0040 (checkpoint exists)
2026-02-22 12:41:53 [INFO] Skip chunk=20151001 batch=0060 (checkpoint exists)
2026-02-22 12:41:53 [INFO] --- [Jan 2016] Processing Chunk 20160101 ---
2026-02-22 12:41:53 [INFO] Skip chunk=20160101 batch=0000 (checkpoint exists)
2026-02-22 12:41:53 [INFO] Skip chunk=20160101 batch=0020 (checkpoint exists)
2026-02-22 12:41:53 [INFO] Skip chunk=20160101 batch=0040 (checkpoint exists)
2026-02-22 12:41:53 [INFO] Skip chunk=20160101 batch=0060 (checkpoint exists)
2026-02-22 12:41:53 [INFO] --- [Apr 2016] Processing Chunk 20160401 ---
2026-02-22 12:41:53 [INFO] Skip chunk=20160401 batch=0000 (checkpoint exists)
2026-02-22 12:41:53 [INFO] Skip chunk=20160401 batch=0020 (checkpoint exists)
2026-02-22 12:41:53 [INFO] Skip chunk=20160401 batch=0040 (checkpoint exists)
2026-02-22 12:41:53 [INFO] Skip chunk=20160401 batch=0060 (checkpoint exists)
2026-02-22 12:41:53 [INFO] --- [Jul 2016] Processing Chunk 20160701 ---
2026-02-22 12:41:53 [INFO] Skip chunk=20160701 batch=0000 (checkpoint exists)
2026-02-22 12:41:53 [INFO] Skip chunk=20160701 batch=0020 (checkpoint exists)
2026-02-22 12:41:53 [INFO] Skip chunk=20160701 batch=0040 (checkpoint exists)
2026-02-22 12:41:53 [INFO] Skip chunk=20160701 batch=0060 (checkpoint exists)
2026-02-22 12:41:53 [INFO] --- [Oct 2016] Processing Chunk 20161001 ---
2026-02-22 12:41:53 [INFO] Skip chunk=20161001 batch=0000 (checkpoint exists)
2026-02-22 12:41:53 [INFO] Skip chunk=20161001 batch=0020 (checkpoint exists)
2026-02-22 12:41:53 [INFO] Skip chunk=20161001 batch=0040 (checkpoint exists)
2026-02-22 12:41:53 [INFO] Skip chunk=20161001 batch=0060 (checkpoint exists)
2026-02-22 12:41:53 [INFO] --- [Jan 2017] Processing Chunk 20170101 ---
2026-02-22 12:41:53 [INFO] Skip chunk=20170101 batch=0000 (checkpoint exists)
2026-02-22 12:41:53 [INFO] Skip chunk=20170101 batch=0020 (checkpoint exists)
2026-02-22 12:41:53 [INFO] Skip chunk=20170101 batch=0040 (checkpoint exists)
2026-02-22 12:41:53 [INFO] Skip chunk=20170101 batch=0060 (checkpoint exists)
2026-02-22 12:41:53 [INFO] --- [Apr 2017] Processing Chunk 20170401 ---
2026-02-22 12:41:53 [INFO] Skip chunk=20170401 batch=0000 (checkpoint exists)
2026-02-22 12:41:53 [INFO] Skip chunk=20170401 batch=0020 (checkpoint exists)
2026-02-22 12:41:53 [INFO] Skip chunk=20170401 batch=0040 (checkpoint exists)
2026-02-22 12:41:53 [INFO] Skip chunk=20170401 batch=0060 (checkpoint exists)
2026-02-22 12:41:53 [INFO] --- [Jul 2017] Processing Chunk 20170701 ---
2026-02-22 12:41:53 [INFO] Skip chunk=20170701 batch=0000 (checkpoint exists)
2026-02-22 12:41:53 [INFO] Skip chunk=20170701 batch=0020 (checkpoint exists)
2026-02-22 12:41:53 [INFO] Skip chunk=20170701 batch=0040 (checkpoint exists)
2026-02-22 12:41:53 [INFO] Skip chunk=20170701 batch=0060 (checkpoint exists)
2026-02-22 12:41:53 [INFO] --- [Oct 2017] Processing Chunk 20171001 ---
2026-02-22 12:41:53 [INFO] Skip chunk=20171001 batch=0000 (checkpoint exists)
2026-02-22 12:41:53 [INFO] Skip chunk=20171001 batch=0020 (checkpoint exists)
2026-02-22 12:41:53 [INFO] Skip chunk=20171001 batch=0040 (checkpoint exists)
2026-02-22 12:41:53 [INFO] Skip chunk=20171001 batch=0060 (checkpoint exists)
2026-02-22 12:41:53 [INFO] --- [Jan 2018] Processing Chunk 20180101 ---
2026-02-22 12:41:53 [INFO] Skip chunk=20180101 batch=0000 (checkpoint exists)
2026-02-22 12:41:53 [INFO] Skip chunk=20180101 batch=0020 (checkpoint exists)
2026-02-22 12:41:53 [INFO] Skip chunk=20180101 batch=0040 (checkpoint exists)
2026-02-22 12:41:53 [INFO] Skip chunk=20180101 batch=0060 (checkpoint exists)
2026-02-22 12:41:53 [INFO] --- [Apr 2018] Processing Chunk 20180401 ---
2026-02-22 12:41:53 [INFO] Skip chunk=20180401 batch=0000 (checkpoint exists)
2026-02-22 12:41:53 [INFO] Skip chunk=20180401 batch=0020 (checkpoint exists)
2026-02-22 12:41:53 [INFO] Skip chunk=20180401 batch=0040 (checkpoint exists)
2026-02-22 12:41:53 [INFO] Skip chunk=20180401 batch=0060 (checkpoint exists)
2026-02-22 12:41:53 [INFO] --- [Jul 2018] Processing Chunk 20180701 ---
2026-02-22 12:41:53 [INFO] Skip chunk=20180701 batch=0000 (checkpoint exists)
2026-02-22 12:41:53 [INFO] Skip chunk=20180701 batch=0020 (checkpoint exists)
2026-02-22 12:41:53 [INFO] Skip chunk=20180701 batch=0040 (checkpoint exists)
2026-02-22 12:41:53 [INFO] Skip chunk=20180701 batch=0060 (checkpoint exists)
2026-02-22 12:41:53 [INFO] --- [Oct 2018] Processing Chunk 20181001 ---
2026-02-22 12:41:53 [INFO] Skip chunk=20181001 batch=0000 (checkpoint exists)
2026-02-22 12:41:53 [INFO] Skip chunk=20181001 batch=0020 (checkpoint exists)
2026-02-22 12:41:53 [INFO] Skip chunk=20181001 batch=0040 (checkpoint exists)
2026-02-22 12:41:53 [INFO] Skip chunk=20181001 batch=0060 (checkpoint exists)
2026-02-22 12:41:53 [INFO] --- [Jan 2019] Processing Chunk 20190101 ---
2026-02-22 12:41:53 [INFO] Skip chunk=20190101 batch=0000 (checkpoint exists)
2026-02-22 12:41:53 [INFO] Skip chunk=20190101 batch=0020 (checkpoint exists)
2026-02-22 12:41:53 [INFO] Skip chunk=20190101 batch=0040 (checkpoint exists)
2026-02-22 12:41:53 [INFO] Skip chunk=20190101 batch=0060 (checkpoint exists)
2026-02-22 12:41:53 [INFO] --- [Apr 2019] Processing Chunk 20190401 ---
2026-02-22 12:41:53 [INFO] Skip chunk=20190401 batch=0000 (checkpoint exists)
2026-02-22 12:41:53 [INFO] Skip chunk=20190401 batch=0020 (checkpoint exists)
2026-02-22 12:41:53 [INFO] Skip chunk=20190401 batch=0040 (checkpoint exists)
2026-02-22 12:41:53 [INFO] Skip chunk=20190401 batch=0060 (checkpoint exists)
2026-02-22 12:41:53 [INFO] --- [Jul 2019] Processing Chunk 20190701 ---
2026-02-22 12:41:53 [INFO] Skip chunk=20190701 batch=0000 (checkpoint exists)
2026-02-22 12:41:53 [INFO] Skip chunk=20190701 batch=0020 (checkpoint exists)
2026-02-22 12:41:53 [INFO] Skip chunk=20190701 batch=0040 (checkpoint exists)
2026-02-22 12:41:54 [WARNING] [Jul 2019] HTTP 429 for Weather — skip chunk. Response: {"error":true,"reason":"Daily API request limit exceeded. Please try again tomorrow."}
2026-02-22 12:41:56 [WARNING] [Jul 2019] HTTP 400 for Air Quality — skip chunk. Response: {"error":true,"reason":"Data corrupted at path ''. Cannot initialize SurfacePressureAndHeightVariable<VariableAndPreviousDay, ForecastPressureVariable, ForecastHeightVariable> from invalid String value pm2_5,pm10,no2,o3,so2,co."}
2026-02-22 12:41:58 [WARNING] [Jul 2019] HTTP 429 for Weather — skip chunk. Response: {"reason":"Daily API request limit exceeded. Please try again tomorrow.","error":true}
2026-02-22 12:42:00 [WARNING] [Jul 2019] HTTP 400 for Air Quality — skip chunk. Response: {"reason":"Data corrupted at path ''. Cannot initialize SurfacePressureAndHeightVariable<VariableAndPreviousDay, ForecastPressureVariable, ForecastHeightVariable> from invalid String value pm2_5,pm10,no2,o3,so2,co.","error":true}
2026-02-22 12:42:03 [WARNING] [Jul 2019] HTTP 429 for Weather — skip chunk. Response: {"error":true,"reason":"Daily API request limit exceeded. Please try again tomorrow."}
2026-02-22 12:42:05 [WARNING] [Jul 2019] HTTP 400 for Air Quality — skip chunk. Response: {"reason":"Data corrupted at path ''. Cannot initialize SurfacePressureAndHeightVariable<VariableAndPreviousDay, ForecastPressureVariable, ForecastHeightVariable> from invalid String value pm2_5,pm10,no2,o3,so2,co.","error":true}
2026-02-22 12:42:07 [WARNING] [Jul 2019] HTTP 429 for Weather — skip chunk. Response: {"reason":"Daily API request limit exceeded. Please try again tomorrow.","error":true}
2026-02-22 12:42:09 [WARNING] [Jul 2019] HTTP 400 for Air Quality — skip chunk. Response: {"error":true,"reason":"Data corrupted at path ''. Cannot initialize SurfacePressureAndHeightVariable<VariableAndPreviousDay, ForecastPressureVariable, ForecastHeightVariable> from invalid String value pm2_5,pm10,no2,o3,so2,co."}
2026-02-22 12:42:11 [WARNING] [Jul 2019] HTTP 429 for Weather — skip chunk. Response: {"error":true,"reason":"Daily API request limit exceeded. Please try again tomorrow."}
2026-02-22 12:42:13 [WARNING] [Jul 2019] HTTP 400 for Air Quality — skip chunk. Response: {"reason":"Data corrupted at path ''. Cannot initialize SurfacePressureAndHeightVariable<VariableAndPreviousDay, ForecastPressureVariable, ForecastHeightVariable> from invalid String value pm2_5,pm10,no2,o3,so2,co.","error":true}
2026-02-22 12:42:16 [WARNING] [Jul 2019] HTTP 429 for Weather — skip chunk. Response: {"error":true,"reason":"Daily API request limit exceeded. Please try again tomorrow."}
2026-02-22 12:42:18 [WARNING] [Jul 2019] HTTP 400 for Air Quality — skip chunk. Response: {"error":true,"reason":"Data corrupted at path ''. Cannot initialize SurfacePressureAndHeightVariable<VariableAndPreviousDay, ForecastPressureVariable, ForecastHeightVariable> from invalid String value pm2_5,pm10,no2,o3,so2,co."}
2026-02-22 12:42:20 [WARNING] [Jul 2019] HTTP 429 for Weather — skip chunk. Response: {"reason":"Daily API request limit exceeded. Please try again tomorrow.","error":true}
2026-02-22 12:42:22 [WARNING] [Jul 2019] HTTP 400 for Air Quality — skip chunk. Response: {"reason":"Data corrupted at path ''. Cannot initialize SurfacePressureAndHeightVariable<VariableAndPreviousDay, ForecastPressureVariable, ForecastHeightVariable> from invalid String value pm2_5,pm10,no2,o3,so2,co.","error":true}
2026-02-22 12:42:24 [WARNING] [Jul 2019] HTTP 429 for Weather — skip chunk. Response: {"error":true,"reason":"Daily API request limit exceeded. Please try again tomorrow."}
2026-02-22 12:42:26 [WARNING] [Jul 2019] HTTP 400 for Air Quality — skip chunk. Response: {"reason":"Data corrupted at path ''. Cannot initialize SurfacePressureAndHeightVariable<VariableAndPreviousDay, ForecastPressureVariable, ForecastHeightVariable> from invalid String value pm2_5,pm10,no2,o3,so2,co.","error":true}
2026-02-22 12:42:28 [WARNING] [Jul 2019] HTTP 429 for Weather — skip chunk. Response: {"reason":"Daily API request limit exceeded. Please try again tomorrow.","error":true}
2026-02-22 12:42:30 [WARNING] [Jul 2019] HTTP 400 for Air Quality — skip chunk. Response: {"error":true,"reason":"Data corrupted at path ''. Cannot initialize SurfacePressureAndHeightVariable<VariableAndPreviousDay, ForecastPressureVariable, ForecastHeightVariable> from invalid String value pm2_5,pm10,no2,o3,so2,co."}
2026-02-22 12:42:33 [WARNING] [Jul 2019] HTTP 429 for Weather — skip chunk. Response: {"reason":"Daily API request limit exceeded. Please try again tomorrow.","error":true}
2026-02-22 12:42:35 [WARNING] [Jul 2019] HTTP 400 for Air Quality — skip chunk. Response: {"error":true,"reason":"Data corrupted at path ''. Cannot initialize SurfacePressureAndHeightVariable<VariableAndPreviousDay, ForecastPressureVariable, ForecastHeightVariable> from invalid String value pm2_5,pm10,no2,o3,so2,co."}
2026-02-22 12:42:37 [WARNING] [Jul 2019] HTTP 429 for Weather — skip chunk. Response: {"reason":"Daily API request limit exceeded. Please try again tomorrow.","error":true}
2026-02-22 12:42:39 [WARNING] [Jul 2019] HTTP 400 for Air Quality — skip chunk. Response: {"reason":"Data corrupted at path ''. Cannot initialize SurfacePressureAndHeightVariable<VariableAndPreviousDay, ForecastPressureVariable, ForecastHeightVariable> from invalid String value pm2_5,pm10,no2,o3,so2,co.","error":true}
2026-02-22 12:42:41 [WARNING] [Jul 2019] HTTP 429 for Weather — skip chunk. Response: {"error":true,"reason":"Daily API request limit exceeded. Please try again tomorrow."}
2026-02-22 12:42:43 [WARNING] [Jul 2019] HTTP 400 for Air Quality — skip chunk. Response: {"error":true,"reason":"Data corrupted at path ''. Cannot initialize SurfacePressureAndHeightVariable<VariableAndPreviousDay, ForecastPressureVariable, ForecastHeightVariable> from invalid String value pm2_5,pm10,no2,o3,so2,co."}
2026-02-22 12:42:46 [WARNING] [Jul 2019] HTTP 429 for Weather — skip chunk. Response: {"error":true,"reason":"Daily API request limit exceeded. Please try again tomorrow."}
2026-02-22 12:42:48 [WARNING] [Jul 2019] HTTP 400 for Air Quality — skip chunk. Response: {"reason":"Data corrupted at path ''. Cannot initialize SurfacePressureAndHeightVariable<VariableAndPreviousDay, ForecastPressureVariable, ForecastHeightVariable> from invalid String value pm2_5,pm10,no2,o3,so2,co.","error":true}
2026-02-22 12:42:50 [WARNING] [Jul 2019] HTTP 429 for Weather — skip chunk. Response: {"reason":"Daily API request limit exceeded. Please try again tomorrow.","error":true}
2026-02-22 12:42:52 [WARNING] [Jul 2019] HTTP 400 for Air Quality — skip chunk. Response: {"reason":"Data corrupted at path ''. Cannot initialize SurfacePressureAndHeightVariable<VariableAndPreviousDay, ForecastPressureVariable, ForecastHeightVariable> from invalid String value pm2_5,pm10,no2,o3,so2,co.","error":true}
2026-02-22 12:42:54 [WARNING] [Jul 2019] HTTP 429 for Weather — skip chunk. Response: {"error":true,"reason":"Daily API request limit exceeded. Please try again tomorrow."}
2026-02-22 12:42:56 [WARNING] [Jul 2019] HTTP 400 for Air Quality — skip chunk. Response: {"reason":"Data corrupted at path ''. Cannot initialize SurfacePressureAndHeightVariable<VariableAndPreviousDay, ForecastPressureVariable, ForecastHeightVariable> from invalid String value pm2_5,pm10,no2,o3,so2,co.","error":true}
2026-02-22 12:42:58 [WARNING] [Jul 2019] HTTP 429 for Weather — skip chunk. Response: {"reason":"Daily API request limit exceeded. Please try again tomorrow.","error":true}
2026-02-22 12:43:00 [WARNING] [Jul 2019] HTTP 400 for Air Quality — skip chunk. Response: {"reason":"Data corrupted at path ''. Cannot initialize SurfacePressureAndHeightVariable<VariableAndPreviousDay, ForecastPressureVariable, ForecastHeightVariable> from invalid String value pm2_5,pm10,no2,o3,so2,co.","error":true}
2026-02-22 12:43:03 [WARNING] [Jul 2019] HTTP 429 for Weather — skip chunk. Response: {"reason":"Daily API request limit exceeded. Please try again tomorrow.","error":true}
2026-02-22 12:43:05 [WARNING] [Jul 2019] HTTP 400 for Air Quality — skip chunk. Response: {"reason":"Data corrupted at path ''. Cannot initialize SurfacePressureAndHeightVariable<VariableAndPreviousDay, ForecastPressureVariable, ForecastHeightVariable> from invalid String value pm2_5,pm10,no2,o3,so2,co.","error":true}
2026-02-22 12:43:07 [WARNING] [Jul 2019] HTTP 429 for Weather — skip chunk. Response: {"reason":"Daily API request limit exceeded. Please try again tomorrow.","error":true}
2026-02-22 12:43:09 [WARNING] [Jul 2019] HTTP 400 for Air Quality — skip chunk. Response: {"reason":"Data corrupted at path ''. Cannot initialize SurfacePressureAndHeightVariable<VariableAndPreviousDay, ForecastPressureVariable, ForecastHeightVariable> from invalid String value pm2_5,pm10,no2,o3,so2,co.","error":true}
2026-02-22 12:43:11 [WARNING] [Jul 2019] HTTP 429 for Weather — skip chunk. Response: {"reason":"Daily API request limit exceeded. Please try again tomorrow.","error":true}
2026-02-22 12:43:13 [WARNING] [Jul 2019] HTTP 400 for Air Quality — skip chunk. Response: {"error":true,"reason":"Data corrupted at path ''. Cannot initialize SurfacePressureAndHeightVariable<VariableAndPreviousDay, ForecastPressureVariable, ForecastHeightVariable> from invalid String value pm2_5,pm10,no2,o3,so2,co."}
2026-02-22 12:43:14 [INFO] --- [Oct 2019] Processing Chunk 20191001 ---
2026-02-22 12:43:16 [WARNING] [Oct 2019] HTTP 429 for Weather — skip chunk. Response: {"error":true,"reason":"Daily API request limit exceeded. Please try again tomorrow."}
2026-02-22 12:43:18 [WARNING] [Oct 2019] HTTP 400 for Air Quality — skip chunk. Response: {"reason":"Data corrupted at path ''. Cannot initialize SurfacePressureAndHeightVariable<VariableAndPreviousDay, ForecastPressureVariable, ForecastHeightVariable> from invalid String value pm2_5,pm10,no2,o3,so2,co.","error":true}
2026-02-22 12:43:20 [WARNING] [Oct 2019] HTTP 429 for Weather — skip chunk. Response: {"error":true,"reason":"Daily API request limit exceeded. Please try again tomorrow."}
2026-02-22 12:43:22 [WARNING] [Oct 2019] HTTP 400 for Air Quality — skip chunk. Response: {"reason":"Data corrupted at path ''. Cannot initialize SurfacePressureAndHeightVariable<VariableAndPreviousDay, ForecastPressureVariable, ForecastHeightVariable> from invalid String value pm2_5,pm10,no2,o3,so2,co.","error":true}
2026-02-22 12:43:24 [WARNING] [Oct 2019] HTTP 429 for Weather — skip chunk. Response: {"reason":"Daily API request limit exceeded. Please try again tomorrow.","error":true}
